<?xml version="1.0" encoding="UTF-8"?>
<!-- Generated by org.testng.reporters.JUnitReportReporter -->
<testsuite skipped="0" hostname="IMRAN-ASUS" name="com.test.meldCXQAQuiz.Test.LoginTest" tests="2" failures="0" timestamp="2022-02-22T19:07:12 BDT" time="5.846" errors="0">
  <testcase name="checkloginpagetitle" time="5.462" classname="com.test.meldCXQAQuiz.Test.LoginTest"/>
  <system-out/>
  <testcase name="logintest" time="0.384" classname="com.test.meldCXQAQuiz.Test.LoginTest"/>
  <system-out/>
</testsuite> <!-- com.test.meldCXQAQuiz.Test.LoginTest -->
